 INFO [2020-06-30 15:21:42,690] [progetto.finale.jpa.RestServiceFinaleApplication:55] - Starting RestServiceFinaleApplication on DESKTOP-1FMAVBJ with PID 3572 (C:\Users\mauri\git\ProgettoFineCorsoEsis\RestServiceFinale\target\classes started by mauri in C:\Users\mauri\git\ProgettoFineCorsoEsis\RestServiceFinale)
 INFO [2020-06-30 15:21:42,701] [progetto.finale.jpa.RestServiceFinaleApplication:651] - No active profile set, falling back to default profiles: default
 INFO [2020-06-30 15:21:43,959] [org.springframework.data.repository.config.RepositoryConfigurationDelegate:127] - Bootstrapping Spring Data JPA repositories in DEFAULT mode.
 INFO [2020-06-30 15:21:44,056] [org.springframework.data.repository.config.RepositoryConfigurationDelegate:187] - Finished Spring Data repository scanning in 84ms. Found 5 JPA repository interfaces.
 INFO [2020-06-30 15:21:44,875] [org.springframework.boot.web.embedded.tomcat.TomcatWebServer:108] - Tomcat initialized with port(s): 8080 (http)
 INFO [2020-06-30 15:21:44,889] [org.apache.catalina.core.StandardService:173] - Starting service [Tomcat]
 INFO [2020-06-30 15:21:44,890] [org.apache.catalina.core.StandardEngine:173] - Starting Servlet engine: [Apache Tomcat/9.0.36]
 INFO [2020-06-30 15:21:45,011] [org.apache.catalina.core.ContainerBase.[Tomcat].[localhost].[/]:173] - Initializing Spring embedded WebApplicationContext
 INFO [2020-06-30 15:21:45,011] [org.springframework.boot.web.servlet.context.ServletWebServerApplicationContext:285] - Root WebApplicationContext: initialization completed in 2215 ms
 INFO [2020-06-30 15:21:45,225] [com.zaxxer.hikari.HikariDataSource:110] - JPADataSource - Starting...
 INFO [2020-06-30 15:21:45,840] [com.zaxxer.hikari.HikariDataSource:123] - JPADataSource - Start completed.
 INFO [2020-06-30 15:21:45,904] [org.hibernate.jpa.internal.util.LogHelper:31] - HHH000204: Processing PersistenceUnitInfo [name: default]
 INFO [2020-06-30 15:21:46,031] [org.hibernate.Version:44] - HHH000412: Hibernate ORM core version 5.4.17.Final
 INFO [2020-06-30 15:21:46,230] [org.hibernate.annotations.common.Version:49] - HCANN000001: Hibernate Commons Annotations {5.1.0.Final}
 INFO [2020-06-30 15:21:46,441] [org.hibernate.dialect.Dialect:172] - HHH000400: Using dialect: org.hibernate.dialect.PostgreSQL95Dialect
 INFO [2020-06-30 15:21:47,613] [org.hibernate.engine.transaction.jta.platform.internal.JtaPlatformInitiator:52] - HHH000490: Using JtaPlatform implementation: [org.hibernate.engine.transaction.jta.platform.internal.NoJtaPlatform]
 INFO [2020-06-30 15:21:47,724] [org.springframework.orm.jpa.LocalContainerEntityManagerFactoryBean:416] - Initialized JPA EntityManagerFactory for persistence unit 'default'
 WARN [2020-06-30 15:21:48,131] [org.springframework.boot.web.servlet.context.AnnotationConfigServletWebServerApplicationContext:559] - Exception encountered during context initialization - cancelling refresh attempt: org.springframework.beans.factory.BeanCreationException: Error creating bean with name 'sedeConverter': Lookup method resolution failed; nested exception is java.lang.IllegalStateException: Failed to introspect Class [progetto.finale.jpa.converter.SedeConverter] from ClassLoader [sun.misc.Launcher$AppClassLoader@764c12b6]
 INFO [2020-06-30 15:21:48,132] [org.springframework.orm.jpa.LocalContainerEntityManagerFactoryBean:598] - Closing JPA EntityManagerFactory for persistence unit 'default'
 INFO [2020-06-30 15:21:48,133] [com.zaxxer.hikari.HikariDataSource:350] - JPADataSource - Shutdown initiated...
 INFO [2020-06-30 15:21:48,136] [com.zaxxer.hikari.HikariDataSource:352] - JPADataSource - Shutdown completed.
 INFO [2020-06-30 15:21:48,137] [org.apache.catalina.core.StandardService:173] - Stopping service [Tomcat]
ERROR [2020-06-30 15:21:48,166] [org.springframework.boot.SpringApplication:837] - Application run failed
org.springframework.beans.factory.BeanCreationException: Error creating bean with name 'sedeConverter': Lookup method resolution failed; nested exception is java.lang.IllegalStateException: Failed to introspect Class [progetto.finale.jpa.converter.SedeConverter] from ClassLoader [sun.misc.Launcher$AppClassLoader@764c12b6]
	at org.springframework.beans.factory.annotation.AutowiredAnnotationBeanPostProcessor.determineCandidateConstructors(AutowiredAnnotationBeanPostProcessor.java:289)
	at org.springframework.beans.factory.support.AbstractAutowireCapableBeanFactory.determineConstructorsFromBeanPostProcessors(AbstractAutowireCapableBeanFactory.java:1286)
	at org.springframework.beans.factory.support.AbstractAutowireCapableBeanFactory.createBeanInstance(AbstractAutowireCapableBeanFactory.java:1201)
	at org.springframework.beans.factory.support.AbstractAutowireCapableBeanFactory.doCreateBean(AbstractAutowireCapableBeanFactory.java:557)
	at org.springframework.beans.factory.support.AbstractAutowireCapableBeanFactory.createBean(AbstractAutowireCapableBeanFactory.java:517)
	at org.springframework.beans.factory.support.AbstractBeanFactory.lambda$doGetBean$0(AbstractBeanFactory.java:323)
	at org.springframework.beans.factory.support.DefaultSingletonBeanRegistry.getSingleton(DefaultSingletonBeanRegistry.java:226)
	at org.springframework.beans.factory.support.AbstractBeanFactory.doGetBean(AbstractBeanFactory.java:321)
	at org.springframework.beans.factory.support.AbstractBeanFactory.getBean(AbstractBeanFactory.java:202)
	at org.springframework.beans.factory.support.DefaultListableBeanFactory.preInstantiateSingletons(DefaultListableBeanFactory.java:893)
	at org.springframework.context.support.AbstractApplicationContext.finishBeanFactoryInitialization(AbstractApplicationContext.java:879)
	at org.springframework.context.support.AbstractApplicationContext.refresh(AbstractApplicationContext.java:551)
	at org.springframework.boot.web.servlet.context.ServletWebServerApplicationContext.refresh(ServletWebServerApplicationContext.java:143)
	at org.springframework.boot.SpringApplication.refresh(SpringApplication.java:758)
	at org.springframework.boot.SpringApplication.refresh(SpringApplication.java:750)
	at org.springframework.boot.SpringApplication.refreshContext(SpringApplication.java:397)
	at org.springframework.boot.SpringApplication.run(SpringApplication.java:315)
	at org.springframework.boot.SpringApplication.run(SpringApplication.java:1237)
	at org.springframework.boot.SpringApplication.run(SpringApplication.java:1226)
	at progetto.finale.jpa.RestServiceFinaleApplication.main(RestServiceFinaleApplication.java:18)
Caused by: java.lang.IllegalStateException: Failed to introspect Class [progetto.finale.jpa.converter.SedeConverter] from ClassLoader [sun.misc.Launcher$AppClassLoader@764c12b6]
	at org.springframework.util.ReflectionUtils.getDeclaredMethods(ReflectionUtils.java:481)
	at org.springframework.util.ReflectionUtils.doWithLocalMethods(ReflectionUtils.java:321)
	at org.springframework.beans.factory.annotation.AutowiredAnnotationBeanPostProcessor.determineCandidateConstructors(AutowiredAnnotationBeanPostProcessor.java:267)
	... 19 common frames omitted
Caused by: java.lang.NoClassDefFoundError: StudentDto
	at java.lang.Class.getDeclaredMethods0(Native Method)
	at java.lang.Class.privateGetDeclaredMethods(Class.java:2701)
	at java.lang.Class.getDeclaredMethods(Class.java:1975)
	at org.springframework.util.ReflectionUtils.getDeclaredMethods(ReflectionUtils.java:463)
	... 21 common frames omitted
Caused by: java.lang.ClassNotFoundException: StudentDto
	at java.net.URLClassLoader.findClass(URLClassLoader.java:382)
	at java.lang.ClassLoader.loadClass(ClassLoader.java:419)
	at sun.misc.Launcher$AppClassLoader.loadClass(Launcher.java:352)
	at java.lang.ClassLoader.loadClass(ClassLoader.java:352)
	... 25 common frames omitted
 INFO [2020-06-30 15:49:16,071] [progetto.finale.jpa.RestServiceFinaleApplication:55] - Starting RestServiceFinaleApplication on DESKTOP-1FMAVBJ with PID 17292 (C:\Users\mauri\git\ProgettoFineCorsoEsis\RestServiceFinale\target\classes started by mauri in C:\Users\mauri\git\ProgettoFineCorsoEsis\RestServiceFinale)
 INFO [2020-06-30 15:49:16,075] [progetto.finale.jpa.RestServiceFinaleApplication:651] - No active profile set, falling back to default profiles: default
 INFO [2020-06-30 15:49:17,267] [org.springframework.data.repository.config.RepositoryConfigurationDelegate:127] - Bootstrapping Spring Data JPA repositories in DEFAULT mode.
 INFO [2020-06-30 15:49:17,406] [org.springframework.data.repository.config.RepositoryConfigurationDelegate:187] - Finished Spring Data repository scanning in 130ms. Found 5 JPA repository interfaces.
 INFO [2020-06-30 15:49:18,537] [org.springframework.boot.web.embedded.tomcat.TomcatWebServer:108] - Tomcat initialized with port(s): 8080 (http)
 INFO [2020-06-30 15:49:18,559] [org.apache.catalina.core.StandardService:173] - Starting service [Tomcat]
 INFO [2020-06-30 15:49:18,560] [org.apache.catalina.core.StandardEngine:173] - Starting Servlet engine: [Apache Tomcat/9.0.36]
 INFO [2020-06-30 15:49:18,788] [org.apache.catalina.core.ContainerBase.[Tomcat].[localhost].[/]:173] - Initializing Spring embedded WebApplicationContext
 INFO [2020-06-30 15:49:18,790] [org.springframework.boot.web.servlet.context.ServletWebServerApplicationContext:285] - Root WebApplicationContext: initialization completed in 2481 ms
 INFO [2020-06-30 15:49:19,142] [com.zaxxer.hikari.HikariDataSource:110] - JPADataSource - Starting...
 INFO [2020-06-30 15:49:19,847] [com.zaxxer.hikari.HikariDataSource:123] - JPADataSource - Start completed.
 INFO [2020-06-30 15:49:19,939] [org.hibernate.jpa.internal.util.LogHelper:31] - HHH000204: Processing PersistenceUnitInfo [name: default]
 INFO [2020-06-30 15:49:20,173] [org.hibernate.Version:44] - HHH000412: Hibernate ORM core version 5.4.17.Final
 INFO [2020-06-30 15:49:20,473] [org.hibernate.annotations.common.Version:49] - HCANN000001: Hibernate Commons Annotations {5.1.0.Final}
 INFO [2020-06-30 15:49:20,759] [org.hibernate.dialect.Dialect:172] - HHH000400: Using dialect: org.hibernate.dialect.PostgreSQL95Dialect
 INFO [2020-06-30 15:49:22,756] [org.hibernate.engine.transaction.jta.platform.internal.JtaPlatformInitiator:52] - HHH000490: Using JtaPlatform implementation: [org.hibernate.engine.transaction.jta.platform.internal.NoJtaPlatform]
 INFO [2020-06-30 15:49:22,963] [org.springframework.orm.jpa.LocalContainerEntityManagerFactoryBean:416] - Initialized JPA EntityManagerFactory for persistence unit 'default'
 INFO [2020-06-30 15:49:23,892] [org.springframework.scheduling.concurrent.ThreadPoolTaskExecutor:181] - Initializing ExecutorService 'applicationTaskExecutor'
 INFO [2020-06-30 15:49:24,294] [org.springframework.boot.web.embedded.tomcat.TomcatWebServer:220] - Tomcat started on port(s): 8080 (http) with context path ''
 INFO [2020-06-30 15:49:24,307] [progetto.finale.jpa.RestServiceFinaleApplication:61] - Started RestServiceFinaleApplication in 9.442 seconds (JVM running for 10.926)
 INFO [2020-06-30 15:49:51,516] [org.apache.catalina.core.ContainerBase.[Tomcat].[localhost].[/]:173] - Initializing Spring DispatcherServlet 'dispatcherServlet'
 INFO [2020-06-30 15:49:51,517] [org.springframework.web.servlet.DispatcherServlet:525] - Initializing Servlet 'dispatcherServlet'
 INFO [2020-06-30 15:49:51,526] [org.springframework.web.servlet.DispatcherServlet:547] - Completed initialization in 9 ms
